<?xml version="1.0" encoding="UTF-8"?>
<!-- Generated by org.testng.reporters.JUnitReportReporter -->
<testsuite hostname="DESKTOP-C4MFT7M" name="com.screenshot.ScreenShot" tests="1" failures="0" timestamp="28 Mar 2021 10:16:23 GMT" time="23.475" errors="0">
  <testcase name="captureScreenshotMethod" time="23.475" classname="com.screenshot.ScreenShot"/>
</testsuite> <!-- com.screenshot.ScreenShot -->
