<?xml version="1.0" encoding="UTF-8"?>
<!-- Generated by org.testng.reporters.JUnitReportReporter -->
<testsuite hostname="DESKTOP-C4MFT7M" name="testNG.InvocationCountTest" tests="10" failures="0" timestamp="25 Mar 2021 12:54:24 GMT" time="0.043" errors="0">
  <testcase name="sum" time="0.001" classname="testNG.InvocationCountTest"/>
  <testcase name="sum" time="0.001" classname="testNG.InvocationCountTest"/>
  <testcase name="sum" time="0.001" classname="testNG.InvocationCountTest"/>
  <testcase name="sum" time="0.001" classname="testNG.InvocationCountTest"/>
  <testcase name="sum" time="0.003" classname="testNG.InvocationCountTest"/>
  <testcase name="sum" time="0.001" classname="testNG.InvocationCountTest"/>
  <testcase name="sum" time="0.002" classname="testNG.InvocationCountTest"/>
  <testcase name="sum" time="0.007" classname="testNG.InvocationCountTest"/>
  <testcase name="sum" time="0.002" classname="testNG.InvocationCountTest"/>
  <testcase name="sum" time="0.024" classname="testNG.InvocationCountTest"/>
</testsuite> <!-- testNG.InvocationCountTest -->
