<?xml version="1.0" encoding="UTF-8"?>
<!-- Generated by org.testng.reporters.JUnitReportReporter -->
<testsuite hostname="DESKTOP-C4MFT7M" name="testNG.Assert" tests="2" failures="0" timestamp="30 Mar 2021 09:52:46 GMT" time="34.864" errors="0">
  <testcase name="logoText" time="7.912" classname="testNG.Assert"/>
  <testcase name="googleTitle" time="26.952" classname="testNG.Assert"/>
</testsuite> <!-- testNG.Assert -->
