<?xml version="1.0" encoding="UTF-8"?>
<!-- Generated by org.testng.reporters.JUnitReportReporter -->
<testsuite hostname="DESKTOP-C4MFT7M" name="testNG.GoogleTest" tests="3" failures="0" timestamp="25 Mar 2021 13:56:08 GMT" time="17.394" errors="0">
  <testcase name="gmailLInk" time="5.753" classname="testNG.GoogleTest"/>
  <testcase name="googleTitle" time="5.784" classname="testNG.GoogleTest"/>
  <testcase name="logoText" time="5.857" classname="testNG.GoogleTest"/>
</testsuite> <!-- testNG.GoogleTest -->
