<?xml version="1.0" encoding="UTF-8"?>
<!-- Generated by org.testng.reporters.JUnitReportReporter -->
<testsuite hostname="DESKTOP-C4MFT7M" name="testNG.TestNGAnnotations" tests="2" failures="0" timestamp="25 Mar 2021 13:56:09 GMT" time="0.003" errors="0">
  <testcase name="googleTitle" time="0.002" classname="testNG.TestNGAnnotations"/>
  <testcase name="search" time="0.001" classname="testNG.TestNGAnnotations"/>
</testsuite> <!-- testNG.TestNGAnnotations -->
