<?xml version="1.0" encoding="UTF-8"?>
<!-- Generated by org.testng.reporters.JUnitReportReporter -->
<testsuite hostname="DESKTOP-C4MFT7M" name="testNG.TestNGFeatures" tests="2" failures="0" timestamp="25 Mar 2021 13:56:09 GMT" time="0.008" errors="0">
  <testcase name="loginTest" time="0.006" classname="testNG.TestNGFeatures"/>
  <testcase name="homePageTest" time="0.002" classname="testNG.TestNGFeatures"/>
</testsuite> <!-- testNG.TestNGFeatures -->
